<?xml version="1.0" encoding="UTF-8"?>
<testsuite xmlns:xsi="http://www.w3.org/2001/XMLSchema-instance" xsi:noNamespaceSchemaLocation="https://maven.apache.org/surefire/maven-surefire-plugin/xsd/surefire-test-report.xsd" name="com.design.lease.AppTest" time="0.024" tests="1" errors="0" skipped="0" failures="0">
  <properties>
    <property name="sun.desktop" value="windows"/>
    <property name="awt.toolkit" value="sun.awt.windows.WToolkit"/>
    <property name="file.encoding.pkg" value="sun.io"/>
    <property name="java.specification.version" value="1.8"/>
    <property name="sun.cpu.isalist" value="amd64"/>
    <property name="sun.jnu.encoding" value="GBK"/>
    <property name="java.class.path" value="D:\project\pro-lease\lease-ws-api\target\test-classes;D:\project\pro-lease\lease-ws-api\target\classes;D:\tool\apache-maven-3.5.2\repository\junit\junit\4.11\junit-4.11.jar;D:\tool\apache-maven-3.5.2\repository\org\hamcrest\hamcrest-core\1.3\hamcrest-core-1.3.jar;D:\tool\apache-maven-3.5.2\repository\org\springframework\spring-context\4.3.4.RELEASE\spring-context-4.3.4.RELEASE.jar;D:\tool\apache-maven-3.5.2\repository\org\springframework\spring-aop\4.3.4.RELEASE\spring-aop-4.3.4.RELEASE.jar;D:\tool\apache-maven-3.5.2\repository\org\springframework\spring-beans\4.3.4.RELEASE\spring-beans-4.3.4.RELEASE.jar;D:\tool\apache-maven-3.5.2\repository\org\springframework\spring-core\4.3.4.RELEASE\spring-core-4.3.4.RELEASE.jar;D:\tool\apache-maven-3.5.2\repository\commons-logging\commons-logging\1.2\commons-logging-1.2.jar;D:\tool\apache-maven-3.5.2\repository\org\springframework\spring-expression\4.3.4.RELEASE\spring-expression-4.3.4.RELEASE.jar;D:\tool\apache-maven-3.5.2\repository\org\springframework\spring-orm\4.3.4.RELEASE\spring-orm-4.3.4.RELEASE.jar;D:\tool\apache-maven-3.5.2\repository\org\springframework\spring-jdbc\4.3.4.RELEASE\spring-jdbc-4.3.4.RELEASE.jar;D:\tool\apache-maven-3.5.2\repository\org\springframework\spring-tx\4.3.4.RELEASE\spring-tx-4.3.4.RELEASE.jar;D:\tool\apache-maven-3.5.2\repository\org\springframework\spring-web\4.3.4.RELEASE\spring-web-4.3.4.RELEASE.jar;D:\tool\apache-maven-3.5.2\repository\org\springframework\spring-webmvc\4.3.7.RELEASE\spring-webmvc-4.3.7.RELEASE.jar;D:\tool\apache-maven-3.5.2\repository\org\springframework\security\spring-security-core\4.2.1.RELEASE\spring-security-core-4.2.1.RELEASE.jar;D:\tool\apache-maven-3.5.2\repository\aopalliance\aopalliance\1.0\aopalliance-1.0.jar;D:\tool\apache-maven-3.5.2\repository\org\springframework\spring-test\4.3.5.RELEASE\spring-test-4.3.5.RELEASE.jar;D:\tool\apache-maven-3.5.2\repository\org\aspectj\aspectjrt\1.7.3\aspectjrt-1.7.3.jar;D:\tool\apache-maven-3.5.2\repository\org\aspectj\aspectjweaver\1.7.3\aspectjweaver-1.7.3.jar;D:\tool\apache-maven-3.5.2\repository\com\mchange\c3p0\0.9.5.2\c3p0-0.9.5.2.jar;D:\tool\apache-maven-3.5.2\repository\com\mchange\mchange-commons-java\0.2.11\mchange-commons-java-0.2.11.jar;D:\tool\apache-maven-3.5.2\repository\org\hibernate\hibernate-c3p0\4.2.21.Final\hibernate-c3p0-4.2.21.Final.jar;D:\tool\apache-maven-3.5.2\repository\org\jboss\logging\jboss-logging\3.1.0.GA\jboss-logging-3.1.0.GA.jar;D:\tool\apache-maven-3.5.2\repository\org\hibernate\hibernate-core\4.2.21.Final\hibernate-core-4.2.21.Final.jar;D:\tool\apache-maven-3.5.2\repository\antlr\antlr\2.7.7\antlr-2.7.7.jar;D:\tool\apache-maven-3.5.2\repository\dom4j\dom4j\1.6.1\dom4j-1.6.1.jar;D:\tool\apache-maven-3.5.2\repository\org\jboss\spec\javax\transaction\jboss-transaction-api_1.1_spec\1.0.1.Final\jboss-transaction-api_1.1_spec-1.0.1.Final.jar;D:\tool\apache-maven-3.5.2\repository\org\hibernate\javax\persistence\hibernate-jpa-2.0-api\1.0.1.Final\hibernate-jpa-2.0-api-1.0.1.Final.jar;D:\tool\apache-maven-3.5.2\repository\org\hibernate\common\hibernate-commons-annotations\4.0.2.Final\hibernate-commons-annotations-4.0.2.Final.jar;D:\tool\apache-maven-3.5.2\repository\org\hibernate\hibernate-validator\4.3.2.Final\hibernate-validator-4.3.2.Final.jar;D:\tool\apache-maven-3.5.2\repository\javax\validation\validation-api\1.0.0.GA\validation-api-1.0.0.GA.jar;D:\tool\apache-maven-3.5.2\repository\mysql\mysql-connector-java\5.1.36\mysql-connector-java-5.1.36.jar;D:\tool\apache-maven-3.5.2\repository\org\hamcrest\hamcrest-all\1.3\hamcrest-all-1.3.jar;D:\tool\apache-maven-3.5.2\repository\ch\qos\logback\logback-classic\1.2.3\logback-classic-1.2.3.jar;D:\tool\apache-maven-3.5.2\repository\ch\qos\logback\logback-core\1.2.3\logback-core-1.2.3.jar;D:\tool\apache-maven-3.5.2\repository\org\slf4j\slf4j-api\1.7.25\slf4j-api-1.7.25.jar;D:\tool\apache-maven-3.5.2\repository\org\thymeleaf\thymeleaf\3.0.2.RELEASE\thymeleaf-3.0.2.RELEASE.jar;D:\tool\apache-maven-3.5.2\repository\ognl\ognl\3.1.10\ognl-3.1.10.jar;D:\tool\apache-maven-3.5.2\repository\org\attoparser\attoparser\2.0.1.RELEASE\attoparser-2.0.1.RELEASE.jar;D:\tool\apache-maven-3.5.2\repository\org\unbescape\unbescape\1.1.4.RELEASE\unbescape-1.1.4.RELEASE.jar;D:\tool\apache-maven-3.5.2\repository\org\thymeleaf\thymeleaf-spring4\3.0.2.RELEASE\thymeleaf-spring4-3.0.2.RELEASE.jar;D:\tool\apache-maven-3.5.2\repository\org\mybatis\mybatis-spring\1.3.2\mybatis-spring-1.3.2.jar;D:\tool\apache-maven-3.5.2\repository\org\projectlombok\lombok\1.16.10\lombok-1.16.10.jar;D:\tool\apache-maven-3.5.2\repository\com\fasterxml\jackson\core\jackson-core\2.9.2\jackson-core-2.9.2.jar;D:\tool\apache-maven-3.5.2\repository\com\fasterxml\jackson\core\jackson-annotations\2.9.2\jackson-annotations-2.9.2.jar;D:\tool\apache-maven-3.5.2\repository\com\fasterxml\jackson\core\jackson-databind\2.9.2\jackson-databind-2.9.2.jar;D:\tool\apache-maven-3.5.2\repository\org\mybatis\mybatis\3.4.6\mybatis-3.4.6.jar;D:\tool\apache-maven-3.5.2\repository\com\alibaba\dubbo\2.6.1\dubbo-2.6.1.jar;D:\tool\apache-maven-3.5.2\repository\org\javassist\javassist\3.20.0-GA\javassist-3.20.0-GA.jar;D:\tool\apache-maven-3.5.2\repository\org\jboss\netty\netty\3.2.5.Final\netty-3.2.5.Final.jar;D:\tool\apache-maven-3.5.2\repository\org\apache\zookeeper\zookeeper\3.4.10\zookeeper-3.4.10.jar;D:\tool\apache-maven-3.5.2\repository\org\slf4j\slf4j-log4j12\1.6.1\slf4j-log4j12-1.6.1.jar;D:\tool\apache-maven-3.5.2\repository\log4j\log4j\1.2.16\log4j-1.2.16.jar;D:\tool\apache-maven-3.5.2\repository\jline\jline\0.9.94\jline-0.9.94.jar;D:\tool\apache-maven-3.5.2\repository\io\netty\netty\3.10.5.Final\netty-3.10.5.Final.jar;D:\tool\apache-maven-3.5.2\repository\com\101tec\zkclient\0.3\zkclient-0.3.jar;D:\tool\apache-maven-3.5.2\repository\org\apache\cassandra\cassandra-all\0.8.1\cassandra-all-0.8.1.jar;D:\tool\apache-maven-3.5.2\repository\com\google\guava\guava\r08\guava-r08.jar;D:\tool\apache-maven-3.5.2\repository\commons-cli\commons-cli\1.1\commons-cli-1.1.jar;D:\tool\apache-maven-3.5.2\repository\commons-codec\commons-codec\1.2\commons-codec-1.2.jar;D:\tool\apache-maven-3.5.2\repository\commons-collections\commons-collections\3.2.1\commons-collections-3.2.1.jar;D:\tool\apache-maven-3.5.2\repository\commons-lang\commons-lang\2.4\commons-lang-2.4.jar;D:\tool\apache-maven-3.5.2\repository\com\googlecode\concurrentlinkedhashmap\concurrentlinkedhashmap-lru\1.1\concurrentlinkedhashmap-lru-1.1.jar;D:\tool\apache-maven-3.5.2\repository\org\antlr\antlr\3.2\antlr-3.2.jar;D:\tool\apache-maven-3.5.2\repository\org\antlr\antlr-runtime\3.2\antlr-runtime-3.2.jar;D:\tool\apache-maven-3.5.2\repository\org\antlr\stringtemplate\3.2\stringtemplate-3.2.jar;D:\tool\apache-maven-3.5.2\repository\org\apache\cassandra\deps\avro\1.4.0-cassandra-1\avro-1.4.0-cassandra-1.jar;D:\tool\apache-maven-3.5.2\repository\org\mortbay\jetty\jetty\6.1.22\jetty-6.1.22.jar;D:\tool\apache-maven-3.5.2\repository\org\mortbay\jetty\jetty-util\6.1.22\jetty-util-6.1.22.jar;D:\tool\apache-maven-3.5.2\repository\org\mortbay\jetty\servlet-api\2.5-20081211\servlet-api-2.5-20081211.jar;D:\tool\apache-maven-3.5.2\repository\org\codehaus\jackson\jackson-core-asl\1.4.0\jackson-core-asl-1.4.0.jar;D:\tool\apache-maven-3.5.2\repository\org\codehaus\jackson\jackson-mapper-asl\1.4.0\jackson-mapper-asl-1.4.0.jar;D:\tool\apache-maven-3.5.2\repository\com\googlecode\json-simple\json-simple\1.1\json-simple-1.1.jar;D:\tool\apache-maven-3.5.2\repository\com\github\stephenc\high-scale-lib\high-scale-lib\1.1.2\high-scale-lib-1.1.2.jar;D:\tool\apache-maven-3.5.2\repository\org\yaml\snakeyaml\1.6\snakeyaml-1.6.jar;D:\tool\apache-maven-3.5.2\repository\org\apache\thrift\libthrift\0.6.1\libthrift-0.6.1.jar;D:\tool\apache-maven-3.5.2\repository\javax\servlet\servlet-api\2.5\servlet-api-2.5.jar;D:\tool\apache-maven-3.5.2\repository\org\apache\httpcomponents\httpclient\4.0.1\httpclient-4.0.1.jar;D:\tool\apache-maven-3.5.2\repository\org\apache\httpcomponents\httpcore\4.0.1\httpcore-4.0.1.jar;D:\tool\apache-maven-3.5.2\repository\org\apache\cassandra\cassandra-thrift\0.8.1\cassandra-thrift-0.8.1.jar;D:\tool\apache-maven-3.5.2\repository\com\github\stephenc\jamm\0.2.2\jamm-0.2.2.jar;D:\tool\apache-maven-3.5.2\repository\org\ow2\asm\asm\4.0\asm-4.0.jar;"/>
    <property name="java.vm.vendor" value="Oracle Corporation"/>
    <property name="sun.arch.data.model" value="64"/>
    <property name="user.variant" value=""/>
    <property name="java.vendor.url" value="http://java.oracle.com/"/>
    <property name="user.timezone" value=""/>
    <property name="java.vm.specification.version" value="1.8"/>
    <property name="os.name" value="Windows 7"/>
    <property name="user.country" value="CN"/>
    <property name="sun.java.launcher" value="SUN_STANDARD"/>
    <property name="sun.boot.library.path" value="D:\Program Files\Java\jdk1.8.0_131\jre\bin"/>
    <property name="sun.java.command" value="C:\Users\win7\AppData\Local\Temp\surefire6144051419644501922\surefirebooter7879467850361823779.jar C:\Users\win7\AppData\Local\Temp\surefire6144051419644501922 2018-04-15T22-28-43_554-jvmRun1 surefire5335703780420536536tmp surefire_01953388559994754192tmp"/>
    <property name="surefire.test.class.path" value="D:\project\pro-lease\lease-ws-api\target\test-classes;D:\project\pro-lease\lease-ws-api\target\classes;D:\tool\apache-maven-3.5.2\repository\junit\junit\4.11\junit-4.11.jar;D:\tool\apache-maven-3.5.2\repository\org\hamcrest\hamcrest-core\1.3\hamcrest-core-1.3.jar;D:\tool\apache-maven-3.5.2\repository\org\springframework\spring-context\4.3.4.RELEASE\spring-context-4.3.4.RELEASE.jar;D:\tool\apache-maven-3.5.2\repository\org\springframework\spring-aop\4.3.4.RELEASE\spring-aop-4.3.4.RELEASE.jar;D:\tool\apache-maven-3.5.2\repository\org\springframework\spring-beans\4.3.4.RELEASE\spring-beans-4.3.4.RELEASE.jar;D:\tool\apache-maven-3.5.2\repository\org\springframework\spring-core\4.3.4.RELEASE\spring-core-4.3.4.RELEASE.jar;D:\tool\apache-maven-3.5.2\repository\commons-logging\commons-logging\1.2\commons-logging-1.2.jar;D:\tool\apache-maven-3.5.2\repository\org\springframework\spring-expression\4.3.4.RELEASE\spring-expression-4.3.4.RELEASE.jar;D:\tool\apache-maven-3.5.2\repository\org\springframework\spring-orm\4.3.4.RELEASE\spring-orm-4.3.4.RELEASE.jar;D:\tool\apache-maven-3.5.2\repository\org\springframework\spring-jdbc\4.3.4.RELEASE\spring-jdbc-4.3.4.RELEASE.jar;D:\tool\apache-maven-3.5.2\repository\org\springframework\spring-tx\4.3.4.RELEASE\spring-tx-4.3.4.RELEASE.jar;D:\tool\apache-maven-3.5.2\repository\org\springframework\spring-web\4.3.4.RELEASE\spring-web-4.3.4.RELEASE.jar;D:\tool\apache-maven-3.5.2\repository\org\springframework\spring-webmvc\4.3.7.RELEASE\spring-webmvc-4.3.7.RELEASE.jar;D:\tool\apache-maven-3.5.2\repository\org\springframework\security\spring-security-core\4.2.1.RELEASE\spring-security-core-4.2.1.RELEASE.jar;D:\tool\apache-maven-3.5.2\repository\aopalliance\aopalliance\1.0\aopalliance-1.0.jar;D:\tool\apache-maven-3.5.2\repository\org\springframework\spring-test\4.3.5.RELEASE\spring-test-4.3.5.RELEASE.jar;D:\tool\apache-maven-3.5.2\repository\org\aspectj\aspectjrt\1.7.3\aspectjrt-1.7.3.jar;D:\tool\apache-maven-3.5.2\repository\org\aspectj\aspectjweaver\1.7.3\aspectjweaver-1.7.3.jar;D:\tool\apache-maven-3.5.2\repository\com\mchange\c3p0\0.9.5.2\c3p0-0.9.5.2.jar;D:\tool\apache-maven-3.5.2\repository\com\mchange\mchange-commons-java\0.2.11\mchange-commons-java-0.2.11.jar;D:\tool\apache-maven-3.5.2\repository\org\hibernate\hibernate-c3p0\4.2.21.Final\hibernate-c3p0-4.2.21.Final.jar;D:\tool\apache-maven-3.5.2\repository\org\jboss\logging\jboss-logging\3.1.0.GA\jboss-logging-3.1.0.GA.jar;D:\tool\apache-maven-3.5.2\repository\org\hibernate\hibernate-core\4.2.21.Final\hibernate-core-4.2.21.Final.jar;D:\tool\apache-maven-3.5.2\repository\antlr\antlr\2.7.7\antlr-2.7.7.jar;D:\tool\apache-maven-3.5.2\repository\dom4j\dom4j\1.6.1\dom4j-1.6.1.jar;D:\tool\apache-maven-3.5.2\repository\org\jboss\spec\javax\transaction\jboss-transaction-api_1.1_spec\1.0.1.Final\jboss-transaction-api_1.1_spec-1.0.1.Final.jar;D:\tool\apache-maven-3.5.2\repository\org\hibernate\javax\persistence\hibernate-jpa-2.0-api\1.0.1.Final\hibernate-jpa-2.0-api-1.0.1.Final.jar;D:\tool\apache-maven-3.5.2\repository\org\hibernate\common\hibernate-commons-annotations\4.0.2.Final\hibernate-commons-annotations-4.0.2.Final.jar;D:\tool\apache-maven-3.5.2\repository\org\hibernate\hibernate-validator\4.3.2.Final\hibernate-validator-4.3.2.Final.jar;D:\tool\apache-maven-3.5.2\repository\javax\validation\validation-api\1.0.0.GA\validation-api-1.0.0.GA.jar;D:\tool\apache-maven-3.5.2\repository\mysql\mysql-connector-java\5.1.36\mysql-connector-java-5.1.36.jar;D:\tool\apache-maven-3.5.2\repository\org\hamcrest\hamcrest-all\1.3\hamcrest-all-1.3.jar;D:\tool\apache-maven-3.5.2\repository\ch\qos\logback\logback-classic\1.2.3\logback-classic-1.2.3.jar;D:\tool\apache-maven-3.5.2\repository\ch\qos\logback\logback-core\1.2.3\logback-core-1.2.3.jar;D:\tool\apache-maven-3.5.2\repository\org\slf4j\slf4j-api\1.7.25\slf4j-api-1.7.25.jar;D:\tool\apache-maven-3.5.2\repository\org\thymeleaf\thymeleaf\3.0.2.RELEASE\thymeleaf-3.0.2.RELEASE.jar;D:\tool\apache-maven-3.5.2\repository\ognl\ognl\3.1.10\ognl-3.1.10.jar;D:\tool\apache-maven-3.5.2\repository\org\attoparser\attoparser\2.0.1.RELEASE\attoparser-2.0.1.RELEASE.jar;D:\tool\apache-maven-3.5.2\repository\org\unbescape\unbescape\1.1.4.RELEASE\unbescape-1.1.4.RELEASE.jar;D:\tool\apache-maven-3.5.2\repository\org\thymeleaf\thymeleaf-spring4\3.0.2.RELEASE\thymeleaf-spring4-3.0.2.RELEASE.jar;D:\tool\apache-maven-3.5.2\repository\org\mybatis\mybatis-spring\1.3.2\mybatis-spring-1.3.2.jar;D:\tool\apache-maven-3.5.2\repository\org\projectlombok\lombok\1.16.10\lombok-1.16.10.jar;D:\tool\apache-maven-3.5.2\repository\com\fasterxml\jackson\core\jackson-core\2.9.2\jackson-core-2.9.2.jar;D:\tool\apache-maven-3.5.2\repository\com\fasterxml\jackson\core\jackson-annotations\2.9.2\jackson-annotations-2.9.2.jar;D:\tool\apache-maven-3.5.2\repository\com\fasterxml\jackson\core\jackson-databind\2.9.2\jackson-databind-2.9.2.jar;D:\tool\apache-maven-3.5.2\repository\org\mybatis\mybatis\3.4.6\mybatis-3.4.6.jar;D:\tool\apache-maven-3.5.2\repository\com\alibaba\dubbo\2.6.1\dubbo-2.6.1.jar;D:\tool\apache-maven-3.5.2\repository\org\javassist\javassist\3.20.0-GA\javassist-3.20.0-GA.jar;D:\tool\apache-maven-3.5.2\repository\org\jboss\netty\netty\3.2.5.Final\netty-3.2.5.Final.jar;D:\tool\apache-maven-3.5.2\repository\org\apache\zookeeper\zookeeper\3.4.10\zookeeper-3.4.10.jar;D:\tool\apache-maven-3.5.2\repository\org\slf4j\slf4j-log4j12\1.6.1\slf4j-log4j12-1.6.1.jar;D:\tool\apache-maven-3.5.2\repository\log4j\log4j\1.2.16\log4j-1.2.16.jar;D:\tool\apache-maven-3.5.2\repository\jline\jline\0.9.94\jline-0.9.94.jar;D:\tool\apache-maven-3.5.2\repository\io\netty\netty\3.10.5.Final\netty-3.10.5.Final.jar;D:\tool\apache-maven-3.5.2\repository\com\101tec\zkclient\0.3\zkclient-0.3.jar;D:\tool\apache-maven-3.5.2\repository\org\apache\cassandra\cassandra-all\0.8.1\cassandra-all-0.8.1.jar;D:\tool\apache-maven-3.5.2\repository\com\google\guava\guava\r08\guava-r08.jar;D:\tool\apache-maven-3.5.2\repository\commons-cli\commons-cli\1.1\commons-cli-1.1.jar;D:\tool\apache-maven-3.5.2\repository\commons-codec\commons-codec\1.2\commons-codec-1.2.jar;D:\tool\apache-maven-3.5.2\repository\commons-collections\commons-collections\3.2.1\commons-collections-3.2.1.jar;D:\tool\apache-maven-3.5.2\repository\commons-lang\commons-lang\2.4\commons-lang-2.4.jar;D:\tool\apache-maven-3.5.2\repository\com\googlecode\concurrentlinkedhashmap\concurrentlinkedhashmap-lru\1.1\concurrentlinkedhashmap-lru-1.1.jar;D:\tool\apache-maven-3.5.2\repository\org\antlr\antlr\3.2\antlr-3.2.jar;D:\tool\apache-maven-3.5.2\repository\org\antlr\antlr-runtime\3.2\antlr-runtime-3.2.jar;D:\tool\apache-maven-3.5.2\repository\org\antlr\stringtemplate\3.2\stringtemplate-3.2.jar;D:\tool\apache-maven-3.5.2\repository\org\apache\cassandra\deps\avro\1.4.0-cassandra-1\avro-1.4.0-cassandra-1.jar;D:\tool\apache-maven-3.5.2\repository\org\mortbay\jetty\jetty\6.1.22\jetty-6.1.22.jar;D:\tool\apache-maven-3.5.2\repository\org\mortbay\jetty\jetty-util\6.1.22\jetty-util-6.1.22.jar;D:\tool\apache-maven-3.5.2\repository\org\mortbay\jetty\servlet-api\2.5-20081211\servlet-api-2.5-20081211.jar;D:\tool\apache-maven-3.5.2\repository\org\codehaus\jackson\jackson-core-asl\1.4.0\jackson-core-asl-1.4.0.jar;D:\tool\apache-maven-3.5.2\repository\org\codehaus\jackson\jackson-mapper-asl\1.4.0\jackson-mapper-asl-1.4.0.jar;D:\tool\apache-maven-3.5.2\repository\com\googlecode\json-simple\json-simple\1.1\json-simple-1.1.jar;D:\tool\apache-maven-3.5.2\repository\com\github\stephenc\high-scale-lib\high-scale-lib\1.1.2\high-scale-lib-1.1.2.jar;D:\tool\apache-maven-3.5.2\repository\org\yaml\snakeyaml\1.6\snakeyaml-1.6.jar;D:\tool\apache-maven-3.5.2\repository\org\apache\thrift\libthrift\0.6.1\libthrift-0.6.1.jar;D:\tool\apache-maven-3.5.2\repository\javax\servlet\servlet-api\2.5\servlet-api-2.5.jar;D:\tool\apache-maven-3.5.2\repository\org\apache\httpcomponents\httpclient\4.0.1\httpclient-4.0.1.jar;D:\tool\apache-maven-3.5.2\repository\org\apache\httpcomponents\httpcore\4.0.1\httpcore-4.0.1.jar;D:\tool\apache-maven-3.5.2\repository\org\apache\cassandra\cassandra-thrift\0.8.1\cassandra-thrift-0.8.1.jar;D:\tool\apache-maven-3.5.2\repository\com\github\stephenc\jamm\0.2.2\jamm-0.2.2.jar;D:\tool\apache-maven-3.5.2\repository\org\ow2\asm\asm\4.0\asm-4.0.jar;"/>
    <property name="sun.cpu.endian" value="little"/>
    <property name="user.home" value="C:\Users\win7"/>
    <property name="user.language" value="zh"/>
    <property name="java.specification.vendor" value="Oracle Corporation"/>
    <property name="java.home" value="D:\Program Files\Java\jdk1.8.0_131\jre"/>
    <property name="basedir" value="D:\project\pro-lease\lease-ws-api"/>
    <property name="file.separator" value="\"/>
    <property name="line.separator" value="&#10;"/>
    <property name="java.vm.specification.vendor" value="Oracle Corporation"/>
    <property name="java.specification.name" value="Java Platform API Specification"/>
    <property name="java.awt.graphicsenv" value="sun.awt.Win32GraphicsEnvironment"/>
    <property name="surefire.real.class.path" value="C:\Users\win7\AppData\Local\Temp\surefire6144051419644501922\surefirebooter7879467850361823779.jar"/>
    <property name="sun.boot.class.path" value="D:\Program Files\Java\jdk1.8.0_131\jre\lib\resources.jar;D:\Program Files\Java\jdk1.8.0_131\jre\lib\rt.jar;D:\Program Files\Java\jdk1.8.0_131\jre\lib\sunrsasign.jar;D:\Program Files\Java\jdk1.8.0_131\jre\lib\jsse.jar;D:\Program Files\Java\jdk1.8.0_131\jre\lib\jce.jar;D:\Program Files\Java\jdk1.8.0_131\jre\lib\charsets.jar;D:\Program Files\Java\jdk1.8.0_131\jre\lib\jfr.jar;D:\Program Files\Java\jdk1.8.0_131\jre\classes"/>
    <property name="user.script" value=""/>
    <property name="sun.management.compiler" value="HotSpot 64-Bit Tiered Compilers"/>
    <property name="java.runtime.version" value="1.8.0_131-b11"/>
    <property name="user.name" value="win7"/>
    <property name="path.separator" value=";"/>
    <property name="os.version" value="6.1"/>
    <property name="java.endorsed.dirs" value="D:\Program Files\Java\jdk1.8.0_131\jre\lib\endorsed"/>
    <property name="java.runtime.name" value="Java(TM) SE Runtime Environment"/>
    <property name="file.encoding" value="GBK"/>
    <property name="java.vm.name" value="Java HotSpot(TM) 64-Bit Server VM"/>
    <property name="localRepository" value="D:\tool\apache-maven-3.5.2\repository"/>
    <property name="java.vendor.url.bug" value="http://bugreport.sun.com/bugreport/"/>
    <property name="java.io.tmpdir" value="C:\Users\win7\AppData\Local\Temp\"/>
    <property name="idea.version" value="2017.2.6"/>
    <property name="java.version" value="1.8.0_131"/>
    <property name="user.dir" value="D:\project\pro-lease\lease-ws-api"/>
    <property name="os.arch" value="amd64"/>
    <property name="java.vm.specification.name" value="Java Virtual Machine Specification"/>
    <property name="java.awt.printerjob" value="sun.awt.windows.WPrinterJob"/>
    <property name="sun.os.patch.level" value="Service Pack 1"/>
    <property name="java.library.path" value="D:\Program Files\Java\jdk1.8.0_131\jre\bin;C:\Windows\Sun\Java\bin;C:\Windows\system32;C:\Windows;C:\ProgramData\Oracle\Java\javapath;C:\Program Files (x86)\Intel\iCLS Client\;C:\Program Files\Intel\iCLS Client\;C:\Windows\system32;C:\Windows;C:\Windows\System32\Wbem;C:\Windows\System32\WindowsPowerShell\v1.0\;C:\Program Files (x86)\Intel\Intel(R) Management Engine Components\DAL;C:\Program Files\Intel\Intel(R) Management Engine Components\DAL;C:\Program Files (x86)\Intel\Intel(R) Management Engine Components\IPT;C:\Program Files\Intel\Intel(R) Management Engine Components\IPT;C:\Program Files (x86)\NVIDIA Corporation\PhysX\Common;C:\Program Files (x86)\Java\jdk1.7.0_79\bin;C:\Program Files (x86)\Java\jdk1.7.0_79\jre\bin;D:\tool\apache-maven-3.5.2\bin;C:\Program Files\MySQL\MySQL Utilities 1.6\;D:\tool\Git\cmd;."/>
    <property name="java.vm.info" value="mixed mode"/>
    <property name="java.vendor" value="Oracle Corporation"/>
    <property name="java.vm.version" value="25.131-b11"/>
    <property name="java.ext.dirs" value="D:\Program Files\Java\jdk1.8.0_131\jre\lib\ext;C:\Windows\Sun\Java\lib\ext"/>
    <property name="sun.io.unicode.encoding" value="UnicodeLittle"/>
    <property name="java.class.version" value="52.0"/>
  </properties>
  <testcase name="shouldAnswerWithTrue" classname="com.design.lease.AppTest" time="0.001"/>
</testsuite>